c:\users\82108\source\repos\c_220715_hw\c_220715_hw\debug\vc141.pdb
c:\users\82108\source\repos\c_220715_hw\c_220715_hw\debug\vc141.idb
c:\users\82108\source\repos\c_220715_hw\c_220715_hw\debug\player.obj
c:\users\82108\source\repos\c_220715_hw\c_220715_hw\debug\monster.obj
c:\users\82108\source\repos\c_220715_hw\c_220715_hw\debug\piery.obj
c:\users\82108\source\repos\c_220715_hw\c_220715_hw\debug\c_220715_hw.obj
c:\users\82108\source\repos\c_220715_hw\c_220715_hw\debug\ggobucki.obj
c:\users\82108\source\repos\c_220715_hw\debug\c_220715_hw.exe
c:\users\82108\source\repos\c_220715_hw\debug\c_220715_hw.ilk
c:\users\82108\source\repos\c_220715_hw\debug\c_220715_hw.pdb
c:\users\82108\source\repos\c_220715_hw\c_220715_hw\debug\c_220715_hw.obj.enc
c:\users\82108\source\repos\c_220715_hw\c_220715_hw\debug\monster.obj.enc
c:\users\82108\source\repos\c_220715_hw\c_220715_hw\debug\piery.obj.enc
c:\users\82108\source\repos\c_220715_hw\c_220715_hw\debug\player.obj.enc
c:\users\82108\source\repos\c_220715_hw\c_220715_hw\debug\c_220715_hw.tlog\cl.command.1.tlog
c:\users\82108\source\repos\c_220715_hw\c_220715_hw\debug\c_220715_hw.tlog\cl.read.1.tlog
c:\users\82108\source\repos\c_220715_hw\c_220715_hw\debug\c_220715_hw.tlog\cl.write.1.tlog
c:\users\82108\source\repos\c_220715_hw\c_220715_hw\debug\c_220715_hw.tlog\link.command.1.tlog
c:\users\82108\source\repos\c_220715_hw\c_220715_hw\debug\c_220715_hw.tlog\link.read.1.tlog
c:\users\82108\source\repos\c_220715_hw\c_220715_hw\debug\c_220715_hw.tlog\link.write.1.tlog
